#
# There is insufficient memory for the Java Runtime Environment to continue.
# Native memory allocation (malloc) failed to allocate 32744 bytes for ChunkPool::allocate
# Possible reasons:
#   The system is out of physical RAM or swap space
#   The process is running with CompressedOops enabled, and the Java Heap may be blocking the growth of the native heap
# Possible solutions:
#   Reduce memory load on the system
#   Increase physical memory or swap space
#   Check if swap backing store is full
#   Decrease Java heap size (-Xmx/-Xms)
#   Decrease number of Java threads
#   Decrease Java thread stack sizes (-Xss)
#   Set larger code cache with -XX:ReservedCodeCacheSize=
#   JVM is running with Unscaled Compressed Oops mode in which the Java heap is
#     placed in the first 4GB address space. The Java Heap base address is the
#     maximum limit for the native heap growth. Please use -XX:HeapBaseMinAddress
#     to set the Java Heap base and to place the Java Heap above 4GB virtual address.
# This output file may be truncated or incomplete.
#
#  Out of Memory Error (allocation.cpp:272), pid=1036, tid=0x0000000000000e0c
#
# JRE version: OpenJDK Runtime Environment (8.0_242-b01) (build 1.8.0_242-release-1644-b01)
# Java VM: OpenJDK 64-Bit Server VM (25.242-b01 mixed mode windows-amd64 compressed oops)
# Failed to write core dump. Minidumps are not enabled by default on client versions of Windows
#

---------------  T H R E A D  ---------------

Current thread (0x00000000196ca800):  JavaThread "C2 CompilerThread2" daemon [_thread_in_native, id=3596, stack(0x000000001a190000,0x000000001a290000)]

Stack: [0x000000001a190000,0x000000001a290000]
[error occurred during error reporting (printing stack bounds), id 0xc0000005]

Native frames: (J=compiled Java code, j=interpreted, Vv=VM code, C=native code)


Current CompileTask:
C2:6796732 14129       4       com.sun.tools.javac.code.Symbol$TypeSymbol::precedes (132 bytes)


---------------  P R O C E S S  ---------------

Java Threads: ( => current thread )
  0x0000000020c3a000 JavaThread "Cache worker for Java compile cache (G:\Fresh-Market\FreshMarket\.gradle\6.1.1\javaCompile)" [_thread_blocked, id=1396, stack(0x0000000029f00000,0x000000002a000000)]
  0x0000000020c32800 JavaThread "Cache worker for Java compile cache (C:\Users\David Maged\.gradle\caches\6.1.1\javaCompile)" [_thread_blocked, id=15380, stack(0x0000000029d00000,0x0000000029e00000)]
  0x0000000020c39800 JavaThread "WorkerExecutor Queue Thread 3" [_thread_blocked, id=15620, stack(0x000000002a710000,0x000000002a810000)]
  0x0000000020c38800 JavaThread "stdout" [_thread_in_native, id=10928, stack(0x000000002a470000,0x000000002a570000)]
  0x0000000020c31000 JavaThread "stderr" [_thread_in_native, id=13100, stack(0x000000002a370000,0x000000002a470000)]
  0x0000000020c37000 JavaThread "stdout" [_thread_in_native, id=16036, stack(0x000000002a270000,0x000000002a370000)]
  0x0000000020c38000 JavaThread "stderr" [_thread_in_native, id=14884, stack(0x000000002a170000,0x000000002a270000)]
  0x0000000020c36800 JavaThread "pool-4-thread-1" [_thread_blocked, id=10980, stack(0x000000002a070000,0x000000002a170000)]
  0x0000000020c35000 JavaThread "WorkerExecutor Queue Thread 2" [_thread_blocked, id=8172, stack(0x0000000029e00000,0x0000000029f00000)]
  0x00000000216aa000 JavaThread "Cache worker for execution history cache (G:\Fresh-Market\FreshMarket\.gradle\6.1.1\executionHistory)" [_thread_blocked, id=3676, stack(0x0000000029a00000,0x0000000029b00000)]
  0x00000000216a7800 JavaThread "Execution worker for ':' Thread 7" [_thread_blocked, id=6288, stack(0x0000000029900000,0x0000000029a00000)]
  0x00000000216ac000 JavaThread "Execution worker for ':' Thread 6" [_thread_in_vm, id=4832, stack(0x0000000029800000,0x0000000029900000)]
  0x00000000216ad000 JavaThread "Execution worker for ':' Thread 5" [_thread_blocked, id=10544, stack(0x0000000029700000,0x0000000029800000)]
  0x00000000216a9000 JavaThread "Execution worker for ':' Thread 4" [_thread_blocked, id=7992, stack(0x0000000029600000,0x0000000029700000)]
  0x00000000216a8800 JavaThread "Execution worker for ':' Thread 3" [_thread_blocked, id=15172, stack(0x0000000029500000,0x0000000029600000)]
  0x00000000216a0000 JavaThread "Execution worker for ':' Thread 2" [_thread_blocked, id=10684, stack(0x0000000029400000,0x0000000029500000)]
  0x00000000216a0800 JavaThread "Execution worker for ':'" [_thread_blocked, id=8500, stack(0x0000000027680000,0x0000000027780000)]
  0x00000000216a2800 JavaThread "Cache worker for file content cache (G:\Fresh-Market\FreshMarket\.gradle\6.1.1\fileContent)" [_thread_blocked, id=8052, stack(0x0000000026890000,0x0000000026990000)]
  0x00000000216a7000 JavaThread "Cache worker for file content cache (C:\Users\David Maged\.gradle\caches\6.1.1\fileContent)" [_thread_blocked, id=7220, stack(0x0000000026300000,0x0000000026400000)]
  0x000000002169f000 JavaThread "Memory manager" [_thread_blocked, id=15704, stack(0x0000000026000000,0x0000000026100000)]
  0x00000000216a4800 JavaThread "Cache worker for Build Output Cleanup Cache (G:\Fresh-Market\FreshMarket\.gradle\buildOutputCleanup)" [_thread_blocked, id=12448, stack(0x0000000025900000,0x0000000025a00000)]
  0x00000000216a3000 JavaThread "Build operations Thread 8" [_thread_blocked, id=13900, stack(0x0000000025800000,0x0000000025900000)]
  0x00000000216a5800 JavaThread "Build operations Thread 7" [_thread_blocked, id=14620, stack(0x0000000025420000,0x0000000025520000)]
  0x00000000216a1800 JavaThread "Build operations Thread 6" [_thread_blocked, id=2180, stack(0x0000000023340000,0x0000000023440000)]
  0x000000002169e800 JavaThread "Build operations Thread 5" [_thread_blocked, id=15664, stack(0x0000000023240000,0x0000000023340000)]
  0x00000000216a4000 JavaThread "Build operations Thread 4" [_thread_blocked, id=14380, stack(0x0000000023140000,0x0000000023240000)]
  0x000000001c3ec000 JavaThread "Build operations Thread 3" [_thread_blocked, id=7604, stack(0x0000000023040000,0x0000000023140000)]
  0x000000001c3f2800 JavaThread "Build operations Thread 2" [_thread_blocked, id=15232, stack(0x0000000022f40000,0x0000000023040000)]
  0x000000001c3eb000 JavaThread "Build operations" [_thread_blocked, id=12440, stack(0x0000000021fb0000,0x00000000220b0000)]
  0x000000001c3f0800 JavaThread "Cache worker for cache directory md-rule (C:\Users\David Maged\.gradle\caches\6.1.1\md-rule)" [_thread_blocked, id=15488, stack(0x0000000021bb0000,0x0000000021cb0000)]
  0x000000001c3ef800 JavaThread "Cache worker for cache directory md-supplier (C:\Users\David Maged\.gradle\caches\6.1.1\md-supplier)" [_thread_blocked, id=13248, stack(0x0000000020a80000,0x0000000020b80000)]
  0x000000001c3ef000 JavaThread "Cache worker for file hash cache (G:\Fresh-Market\FreshMarket\.gradle\6.1.1\fileHashes)" [_thread_blocked, id=3060, stack(0x0000000020980000,0x0000000020a80000)]
  0x000000001c3e7800 JavaThread "Cache worker for checksums cache (G:\Fresh-Market\FreshMarket\.gradle\checksums)" [_thread_blocked, id=15896, stack(0x000000001dce0000,0x000000001dde0000)]
  0x000000001c3e8000 JavaThread "Thread-32" [_thread_blocked, id=3048, stack(0x000000001dbe0000,0x000000001dce0000)]
  0x000000001c3e9800 JavaThread "Stdin handler" [_thread_blocked, id=13680, stack(0x000000001dae0000,0x000000001dbe0000)]
  0x000000001c3ee000 JavaThread "Asynchronous log dispatcher for DefaultDaemonConnection: socket connection from /127.0.0.1:58953 to /127.0.0.1:57315" [_thread_blocked, id=10292, stack(0x000000001d7e0000,0x000000001d8e0000)]
  0x00000000196cd800 JavaThread "Daemon worker Thread 2" [_thread_blocked, id=15300, stack(0x000000001d6e0000,0x000000001d7e0000)]
  0x00000000196cc000 JavaThread "Cancel handler" [_thread_blocked, id=15336, stack(0x0000000000c20000,0x0000000000d20000)]
  0x00000000196cb000 JavaThread "Handler for socket connection from /127.0.0.1:58953 to /127.0.0.1:57315" [_thread_in_native, id=14464, stack(0x0000000000b20000,0x0000000000c20000)]
  0x00000000196c8000 JavaThread "Daemon Thread 2" [_thread_blocked, id=6952, stack(0x0000000000a20000,0x0000000000b20000)]
  0x00000000196cc800 JavaThread "Cache worker for execution history cache (C:\Users\David Maged\.gradle\caches\6.1.1\executionHistory)" [_thread_blocked, id=11008, stack(0x0000000021eb0000,0x0000000021fb0000)]
  0x00000000196c9800 JavaThread "Cache worker for file hash cache (C:\Users\David Maged\.gradle\caches\6.1.1\fileHashes)" [_thread_blocked, id=3648, stack(0x000000001e4e0000,0x000000001e5e0000)]
  0x00000000196c9000 JavaThread "File lock request listener" [_thread_in_native, id=5972, stack(0x000000001e3e0000,0x000000001e4e0000)]
  0x000000001c9e9800 JavaThread "Cache worker for journal cache (C:\Users\David Maged\.gradle\caches\journal-1)" [_thread_blocked, id=15320, stack(0x000000001e2e0000,0x000000001e3e0000)]
  0x000000001bc15000 JavaThread "Daemon periodic checks" [_thread_blocked, id=12236, stack(0x000000001d5e0000,0x000000001d6e0000)]
  0x000000001a6c2800 JavaThread "Incoming local TCP Connector on port 58953" [_thread_in_native, id=1632, stack(0x000000001d3a0000,0x000000001d4a0000)]
  0x000000001c162800 JavaThread "Daemon health stats" [_thread_blocked, id=2808, stack(0x000000001bd60000,0x000000001be60000)]
  0x00000000196dc800 JavaThread "Service Thread" daemon [_thread_blocked, id=14276, stack(0x000000001a390000,0x000000001a490000)]
  0x00000000196cf000 JavaThread "C1 CompilerThread3" daemon [_thread_in_vm, id=8116, stack(0x000000001a290000,0x000000001a390000)]
=>0x00000000196ca800 JavaThread "C2 CompilerThread2" daemon [_thread_in_native, id=3596, stack(0x000000001a190000,0x000000001a290000)]
  0x00000000178be000 JavaThread "C2 CompilerThread1" daemon [_thread_in_native, id=12320, stack(0x000000001a090000,0x000000001a190000)]
  0x00000000196c6000 JavaThread "C2 CompilerThread0" daemon [_thread_in_native, id=14452, stack(0x0000000019f90000,0x000000001a090000)]
  0x00000000196c4800 JavaThread "Attach Listener" daemon [_thread_blocked, id=7896, stack(0x0000000019e90000,0x0000000019f90000)]
  0x00000000196c3800 JavaThread "Signal Dispatcher" daemon [_thread_blocked, id=14128, stack(0x0000000019d90000,0x0000000019e90000)]
  0x00000000196b1000 JavaThread "Finalizer" daemon [_thread_blocked, id=14808, stack(0x0000000019b90000,0x0000000019c90000)]
  0x00000000196b0800 JavaThread "Reference Handler" daemon [_thread_blocked, id=11996, stack(0x0000000019a90000,0x0000000019b90000)]
  0x0000000002742800 JavaThread "main" [_thread_blocked, id=2416, stack(0x0000000002640000,0x0000000002740000)]

Other Threads:
  0x00000000178a6800 VMThread [stack: 0x0000000019590000,0x0000000019690000] [id=9632]
  0x000000001975e800 WatcherThread [stack: 0x000000001a490000,0x000000001a590000] [id=13576]

VM state:not at safepoint (normal execution)

VM Mutex/Monitor currently owned by a thread: None

heap address: 0x0000000080000000, size: 2048 MB, Compressed Oops mode: 32-bit
Narrow klass base: 0x0000000000000000, Narrow klass shift: 3
Compressed class space size: 1073741824 Address: 0x0000000100000000

Heap:
 PSYoungGen      total 308224K, used 247847K [0x00000000d5580000, 0x00000000edf00000, 0x0000000100000000)
  eden space 284672K, 78% used [0x00000000d5580000,0x00000000e3091e30,0x00000000e6b80000)
  from space 23552K, 99% used [0x00000000e6b80000,0x00000000e8278040,0x00000000e8280000)
  to   space 31744K, 0% used [0x00000000ec000000,0x00000000ec000000,0x00000000edf00000)
 ParOldGen       total 112128K, used 56522K [0x0000000080000000, 0x0000000086d80000, 0x00000000d5580000)
  object space 112128K, 50% used [0x0000000080000000,0x0000000083732998,0x0000000086d80000)
 Metaspace       used 91705K, capacity 96074K, committed 96176K, reserved 1132544K
  class space    used 11992K, capacity 12879K, committed 12976K, reserved 1048576K

Card table byte_map: [0x0000000011c00000,0x0000000012010000] byte_map_base: 0x0000000011800000

Marking Bits: (ParMarkBitMap*) 0x000000006762f030
 Begin Bits: [0x0000000012ac0000, 0x0000000014ac0000)
 End Bits:   [0x0000000014ac0000, 0x0000000016ac0000)

Polling page: 0x0000000000910000

CodeCache: size=245760Kb used=41040Kb max_used=41040Kb free=204719Kb
 bounds [0x0000000002840000, 0x0000000005080000, 0x0000000011840000]
 total_blobs=13052 nmethods=12181 adapters=783
 compilation: enabled

Compilation events (10 events):
Event: 6796.723 Thread 0x00000000196cf000 nmethod 14185 0x000000000504fe90 code [0x000000000504ffe0, 0x00000000050500f0]
Event: 6796.723 Thread 0x00000000196cf000 14181       3       com.sun.tools.javac.code.Types::hasSameArgs (8 bytes)
Event: 6796.723 Thread 0x00000000196cf000 nmethod 14181 0x0000000005058510 code [0x00000000050586a0, 0x0000000005058c28]
Event: 6796.723 Thread 0x00000000196cf000 14168       3       com.sun.tools.javac.code.Types$MembersClosureCache$MembersScope::getMark (8 bytes)
Event: 6796.724 Thread 0x00000000196cf000 nmethod 14168 0x0000000005061090 code [0x0000000005061200, 0x0000000005061428]
Event: 6796.724 Thread 0x00000000196cf000 14165       3       com.sun.tools.javac.util.Assert::check (9 bytes)
Event: 6796.724 Thread 0x00000000196cf000 nmethod 14165 0x00000000050614d0 code [0x0000000005061640, 0x00000000050618c8]
Event: 6796.724 Thread 0x00000000196cf000 14162       3       com.sun.tools.javac.code.Types$ImplementationCache::get (159 bytes)
Event: 6796.725 Thread 0x00000000196cf000 nmethod 14162 0x0000000005064350 code [0x00000000050645e0, 0x0000000005065958]
Event: 6796.725 Thread 0x00000000196cf000 14188       3       com.sun.tools.javac.code.Symbol$MethodSymbol::binaryImplementation (93 bytes)

GC Heap History (10 events):
Event: 11.538 GC heap before
{Heap before GC invocations=14 (full 2):
 PSYoungGen      total 186880K, used 26575K [0x00000000d5580000, 0x00000000e5e00000, 0x0000000100000000)
  eden space 173568K, 7% used [0x00000000d5580000,0x00000000d6279a58,0x00000000dff00000)
  from space 13312K, 99% used [0x00000000dff00000,0x00000000e0bfa250,0x00000000e0c00000)
  to   space 19968K, 0% used [0x00000000e4a80000,0x00000000e4a80000,0x00000000e5e00000)
 ParOldGen       total 74752K, used 30504K [0x0000000080000000, 0x0000000084900000, 0x00000000d5580000)
  object space 74752K, 40% used [0x0000000080000000,0x0000000081dca228,0x0000000084900000)
 Metaspace       used 56953K, capacity 59086K, committed 59160K, reserved 1099776K
  class space    used 7612K, capacity 8093K, committed 8112K, reserved 1048576K
Event: 11.552 GC heap after
Heap after GC invocations=14 (full 2):
 PSYoungGen      total 250880K, used 2048K [0x00000000d5580000, 0x00000000e6080000, 0x0000000100000000)
  eden space 230912K, 0% used [0x00000000d5580000,0x00000000d5580000,0x00000000e3700000)
  from space 19968K, 10% used [0x00000000e4a80000,0x00000000e4c80120,0x00000000e5e00000)
  to   space 19968K, 0% used [0x00000000e3700000,0x00000000e3700000,0x00000000e4a80000)
 ParOldGen       total 74752K, used 40753K [0x0000000080000000, 0x0000000084900000, 0x00000000d5580000)
  object space 74752K, 54% used [0x0000000080000000,0x00000000827cc718,0x0000000084900000)
 Metaspace       used 56953K, capacity 59086K, committed 59160K, reserved 1099776K
  class space    used 7612K, capacity 8093K, committed 8112K, reserved 1048576K
}
Event: 11.552 GC heap before
{Heap before GC invocations=15 (full 3):
 PSYoungGen      total 250880K, used 2048K [0x00000000d5580000, 0x00000000e6080000, 0x0000000100000000)
  eden space 230912K, 0% used [0x00000000d5580000,0x00000000d5580000,0x00000000e3700000)
  from space 19968K, 10% used [0x00000000e4a80000,0x00000000e4c80120,0x00000000e5e00000)
  to   space 19968K, 0% used [0x00000000e3700000,0x00000000e3700000,0x00000000e4a80000)
 ParOldGen       total 74752K, used 40753K [0x0000000080000000, 0x0000000084900000, 0x00000000d5580000)
  object space 74752K, 54% used [0x0000000080000000,0x00000000827cc718,0x0000000084900000)
 Metaspace       used 56953K, capacity 59086K, committed 59160K, reserved 1099776K
  class space    used 7612K, capacity 8093K, committed 8112K, reserved 1048576K
Event: 11.894 GC heap after
Heap after GC invocations=15 (full 3):
 PSYoungGen      total 250880K, used 0K [0x00000000d5580000, 0x00000000e6080000, 0x0000000100000000)
  eden space 230912K, 0% used [0x00000000d5580000,0x00000000d5580000,0x00000000e3700000)
  from space 19968K, 0% used [0x00000000e4a80000,0x00000000e4a80000,0x00000000e5e00000)
  to   space 19968K, 0% used [0x00000000e3700000,0x00000000e3700000,0x00000000e4a80000)
 ParOldGen       total 112128K, used 30695K [0x0000000080000000, 0x0000000086d80000, 0x00000000d5580000)
  object space 112128K, 27% used [0x0000000080000000,0x0000000081df9c10,0x0000000086d80000)
 Metaspace       used 56846K, capacity 58786K, committed 59160K, reserved 1099776K
  class space    used 7583K, capacity 8055K, committed 8112K, reserved 1048576K
}
Event: 15.107 GC heap before
{Heap before GC invocations=16 (full 3):
 PSYoungGen      total 250880K, used 230912K [0x00000000d5580000, 0x00000000e6080000, 0x0000000100000000)
  eden space 230912K, 100% used [0x00000000d5580000,0x00000000e3700000,0x00000000e3700000)
  from space 19968K, 0% used [0x00000000e4a80000,0x00000000e4a80000,0x00000000e5e00000)
  to   space 19968K, 0% used [0x00000000e3700000,0x00000000e3700000,0x00000000e4a80000)
 ParOldGen       total 112128K, used 30695K [0x0000000080000000, 0x0000000086d80000, 0x00000000d5580000)
  object space 112128K, 27% used [0x0000000080000000,0x0000000081df9c10,0x0000000086d80000)
 Metaspace       used 69776K, capacity 72326K, committed 72496K, reserved 1112064K
  class space    used 9490K, capacity 10024K, committed 10032K, reserved 1048576K
Event: 15.128 GC heap after
Heap after GC invocations=16 (full 3):
 PSYoungGen      total 250880K, used 19941K [0x00000000d5580000, 0x00000000e9c80000, 0x0000000100000000)
  eden space 230912K, 0% used [0x00000000d5580000,0x00000000d5580000,0x00000000e3700000)
  from space 19968K, 99% used [0x00000000e3700000,0x00000000e4a795f8,0x00000000e4a80000)
  to   space 23552K, 0% used [0x00000000e8580000,0x00000000e8580000,0x00000000e9c80000)
 ParOldGen       total 112128K, used 31455K [0x0000000080000000, 0x0000000086d80000, 0x00000000d5580000)
  object space 112128K, 28% used [0x0000000080000000,0x0000000081eb7c88,0x0000000086d80000)
 Metaspace       used 69776K, capacity 72326K, committed 72496K, reserved 1112064K
  class space    used 9490K, capacity 10024K, committed 10032K, reserved 1048576K
}
Event: 17.912 GC heap before
{Heap before GC invocations=17 (full 3):
 PSYoungGen      total 250880K, used 250853K [0x00000000d5580000, 0x00000000e9c80000, 0x0000000100000000)
  eden space 230912K, 100% used [0x00000000d5580000,0x00000000e3700000,0x00000000e3700000)
  from space 19968K, 99% used [0x00000000e3700000,0x00000000e4a795f8,0x00000000e4a80000)
  to   space 23552K, 0% used [0x00000000e8580000,0x00000000e8580000,0x00000000e9c80000)
 ParOldGen       total 112128K, used 31455K [0x0000000080000000, 0x0000000086d80000, 0x00000000d5580000)
  object space 112128K, 28% used [0x0000000080000000,0x0000000081eb7c88,0x0000000086d80000)
 Metaspace       used 75486K, capacity 78926K, committed 79024K, reserved 1118208K
  class space    used 10215K, capacity 10886K, committed 10928K, reserved 1048576K
Event: 17.954 GC heap after
Heap after GC invocations=17 (full 3):
 PSYoungGen      total 305152K, used 12941K [0x00000000d5580000, 0x00000000e9980000, 0x0000000100000000)
  eden space 284672K, 0% used [0x00000000d5580000,0x00000000d5580000,0x00000000e6b80000)
  from space 20480K, 63% used [0x00000000e8580000,0x00000000e9223700,0x00000000e9980000)
  to   space 23552K, 0% used [0x00000000e6b80000,0x00000000e6b80000,0x00000000e8280000)
 ParOldGen       total 112128K, used 43367K [0x0000000080000000, 0x0000000086d80000, 0x00000000d5580000)
  object space 112128K, 38% used [0x0000000080000000,0x0000000082a59f60,0x0000000086d80000)
 Metaspace       used 75486K, capacity 78926K, committed 79024K, reserved 1118208K
  class space    used 10215K, capacity 10886K, committed 10928K, reserved 1048576K
}
Event: 6786.771 GC heap before
{Heap before GC invocations=18 (full 3):
 PSYoungGen      total 305152K, used 297613K [0x00000000d5580000, 0x00000000e9980000, 0x0000000100000000)
  eden space 284672K, 100% used [0x00000000d5580000,0x00000000e6b80000,0x00000000e6b80000)
  from space 20480K, 63% used [0x00000000e8580000,0x00000000e9223700,0x00000000e9980000)
  to   space 23552K, 0% used [0x00000000e6b80000,0x00000000e6b80000,0x00000000e8280000)
 ParOldGen       total 112128K, used 43367K [0x0000000080000000, 0x0000000086d80000, 0x00000000d5580000)
  object space 112128K, 38% used [0x0000000080000000,0x0000000082a59f60,0x0000000086d80000)
 Metaspace       used 83952K, capacity 88010K, committed 88240K, reserved 1126400K
  class space    used 11049K, capacity 11855K, committed 11952K, reserved 1048576K
Event: 6786.825 GC heap after
Heap after GC invocations=18 (full 3):
 PSYoungGen      total 308224K, used 23520K [0x00000000d5580000, 0x00000000edf00000, 0x0000000100000000)
  eden space 284672K, 0% used [0x00000000d5580000,0x00000000d5580000,0x00000000e6b80000)
  from space 23552K, 99% used [0x00000000e6b80000,0x00000000e8278040,0x00000000e8280000)
  to   space 31744K, 0% used [0x00000000ec000000,0x00000000ec000000,0x00000000edf00000)
 ParOldGen       total 112128K, used 56522K [0x0000000080000000, 0x0000000086d80000, 0x00000000d5580000)
  object space 112128K, 50% used [0x0000000080000000,0x0000000083732998,0x0000000086d80000)
 Metaspace       used 83952K, capacity 88010K, committed 88240K, reserved 1126400K
  class space    used 11049K, capacity 11855K, committed 11952K, reserved 1048576K
}

Deoptimization events (10 events):
Event: 6796.074 Thread 0x00000000216ac000 Uncommon trap: reason=unstable_if action=reinterpret pc=0x00000000029d940c method=com.sun.tools.javac.util.Name$Table.equals([BI[BII)Z @ 22
Event: 6796.228 Thread 0x00000000216ac000 Uncommon trap: reason=unloaded action=reinterpret pc=0x000000000357d81c method=com.sun.tools.javac.jvm.ClassReader.readPool(I)Ljava/lang/Object; @ 413
Event: 6796.296 Thread 0x00000000216ac000 Uncommon trap: reason=unstable_if action=reinterpret pc=0x0000000004910ad0 method=com.sun.tools.javac.jvm.ClassReader.classSigToType()Lcom/sun/tools/javac/code/Type; @ 148
Event: 6796.371 Thread 0x00000000216ac000 Uncommon trap: reason=bimorphic action=maybe_recompile pc=0x0000000004a4624c method=com.sun.tools.javac.code.Scope.lookup(Lcom/sun/tools/javac/util/Name;Lcom/sun/tools/javac/util/Filter;)Lcom/sun/tools/javac/code/Scope$Entry; @ 49
Event: 6796.372 Thread 0x00000000216ac000 Uncommon trap: reason=bimorphic action=maybe_recompile pc=0x0000000004a4624c method=com.sun.tools.javac.code.Scope.lookup(Lcom/sun/tools/javac/util/Name;Lcom/sun/tools/javac/util/Filter;)Lcom/sun/tools/javac/code/Scope$Entry; @ 49
Event: 6796.374 Thread 0x00000000216ac000 Uncommon trap: reason=bimorphic action=maybe_recompile pc=0x0000000004a4624c method=com.sun.tools.javac.code.Scope.lookup(Lcom/sun/tools/javac/util/Name;Lcom/sun/tools/javac/util/Filter;)Lcom/sun/tools/javac/code/Scope$Entry; @ 49
Event: 6796.376 Thread 0x00000000216ac000 Uncommon trap: reason=bimorphic action=maybe_recompile pc=0x0000000004a4624c method=com.sun.tools.javac.code.Scope.lookup(Lcom/sun/tools/javac/util/Name;Lcom/sun/tools/javac/util/Filter;)Lcom/sun/tools/javac/code/Scope$Entry; @ 49
Event: 6796.432 Thread 0x00000000216ac000 Uncommon trap: reason=unstable_if action=reinterpret pc=0x00000000037102a8 method=com.sun.tools.javac.code.Scope.lookup(Lcom/sun/tools/javac/util/Name;Lcom/sun/tools/javac/util/Filter;)Lcom/sun/tools/javac/code/Scope$Entry; @ 19
Event: 6796.518 Thread 0x00000000216ac000 Uncommon trap: reason=unstable_if action=reinterpret pc=0x0000000004603898 method=com.sun.tools.javac.util.ListBuffer.append(Ljava/lang/Object;)Lcom/sun/tools/javac/util/ListBuffer; @ 9
Event: 6796.593 Thread 0x00000000216ac000 Uncommon trap: reason=unstable_if action=reinterpret pc=0x000000000371366c method=com.sun.tools.javac.code.Symbol$TypeSymbol.formFlatName(Lcom/sun/tools/javac/util/Name;Lcom/sun/tools/javac/code/Symbol;)Lcom/sun/tools/javac/util/Name; @ 11

Classes redefined (0 events):
No events

Internal exceptions (10 events):
Event: 6792.179 Thread 0x00000000216ac000 Exception <a 'sun/nio/fs/WindowsException'> (0x00000000dd11cd78) thrown at [C:\src\AOSP-openjdk-git\hotspot\src\share\vm\prims\jni.cpp, line 710]
Event: 6792.179 Thread 0x00000000216ac000 Exception <a 'sun/nio/fs/WindowsException'> (0x00000000dd11ddb0) thrown at [C:\src\AOSP-openjdk-git\hotspot\src\share\vm\prims\jni.cpp, line 710]
Event: 6792.180 Thread 0x00000000216ac000 Exception <a 'sun/nio/fs/WindowsException'> (0x00000000dd124490) thrown at [C:\src\AOSP-openjdk-git\hotspot\src\share\vm\prims\jni.cpp, line 710]
Event: 6792.180 Thread 0x00000000216ac000 Exception <a 'sun/nio/fs/WindowsException'> (0x00000000dd125130) thrown at [C:\src\AOSP-openjdk-git\hotspot\src\share\vm\prims\jni.cpp, line 710]
Event: 6792.180 Thread 0x00000000216ac000 Exception <a 'sun/nio/fs/WindowsException'> (0x00000000dd125e40) thrown at [C:\src\AOSP-openjdk-git\hotspot\src\share\vm\prims\jni.cpp, line 710]
Event: 6792.180 Thread 0x00000000216ac000 Exception <a 'sun/nio/fs/WindowsException'> (0x00000000dd127e70) thrown at [C:\src\AOSP-openjdk-git\hotspot\src\share\vm\prims\jni.cpp, line 710]
Event: 6792.180 Thread 0x00000000216ac000 Exception <a 'sun/nio/fs/WindowsException'> (0x00000000dd128b20) thrown at [C:\src\AOSP-openjdk-git\hotspot\src\share\vm\prims\jni.cpp, line 710]
Event: 6792.180 Thread 0x00000000216ac000 Exception <a 'sun/nio/fs/WindowsException'> (0x00000000dd129840) thrown at [C:\src\AOSP-openjdk-git\hotspot\src\share\vm\prims\jni.cpp, line 710]
Event: 6795.762 Thread 0x00000000216ac000 Implicit null exception at 0x00000000044a8632 to 0x00000000044a8e15
Event: 6795.871 Thread 0x00000000216ac000 Exception <a 'java/io/FileNotFoundException'> (0x00000000e16f60e8) thrown at [C:\src\AOSP-openjdk-git\hotspot\src\share\vm\prims\jni.cpp, line 710]

Events (10 events):
Event: 6796.701 loading class com/sun/tools/javac/comp/Flow$BaseAnalyzer$JumpKind$1
Event: 6796.701 loading class com/sun/tools/javac/comp/Flow$BaseAnalyzer$JumpKind$1 done
Event: 6796.702 loading class com/sun/tools/javac/comp/Flow$BaseAnalyzer$JumpKind$2
Event: 6796.702 loading class com/sun/tools/javac/comp/Flow$BaseAnalyzer$JumpKind$2 done
Event: 6796.703 loading class com/sun/tools/javac/comp/Flow$2
Event: 6796.703 loading class com/sun/tools/javac/comp/Flow$2 done
Event: 6796.713 loading class com/sun/tools/javac/tree/TreeMaker$1
Event: 6796.713 loading class com/sun/tools/javac/tree/TreeMaker$1 done
Event: 6796.723 Executing VM operation: ForceSafepoint
Event: 6796.723 Executing VM operation: ForceSafepoint done


Dynamic libraries:
0x00007ff7ecd60000 - 0x00007ff7ecd91000 	C:\Program Files\Android\Android Studio\jre\bin\java.exe
0x00007ffbfc690000 - 0x00007ffbfc888000 	C:\WINDOWS\SYSTEM32\ntdll.dll
0x00007ffbfac60000 - 0x00007ffbfad1d000 	C:\WINDOWS\System32\KERNEL32.DLL
0x00007ffbf9db0000 - 0x00007ffbfa07e000 	C:\WINDOWS\System32\KERNELBASE.dll
0x00007ffbfaf50000 - 0x00007ffbfaffe000 	C:\WINDOWS\System32\ADVAPI32.dll
0x00007ffbfaa70000 - 0x00007ffbfab0e000 	C:\WINDOWS\System32\msvcrt.dll
0x00007ffbfa6f0000 - 0x00007ffbfa78c000 	C:\WINDOWS\System32\sechost.dll
0x00007ffbfad20000 - 0x00007ffbfae45000 	C:\WINDOWS\System32\RPCRT4.dll
0x00007ffbfa8d0000 - 0x00007ffbfaa70000 	C:\WINDOWS\System32\USER32.dll
0x00007ffbfa2a0000 - 0x00007ffbfa2c2000 	C:\WINDOWS\System32\win32u.dll
0x00007ffbfab10000 - 0x00007ffbfab3a000 	C:\WINDOWS\System32\GDI32.dll
0x00007ffbfa190000 - 0x00007ffbfa29b000 	C:\WINDOWS\System32\gdi32full.dll
0x00007ffbfa0f0000 - 0x00007ffbfa18d000 	C:\WINDOWS\System32\msvcp_win.dll
0x00007ffbfa360000 - 0x00007ffbfa460000 	C:\WINDOWS\System32\ucrtbase.dll
0x00007ffbdb2e0000 - 0x00007ffbdb57a000 	C:\WINDOWS\WinSxS\amd64_microsoft.windows.common-controls_6595b64144ccf1df_6.0.19041.1110_none_60b5254171f9507e\COMCTL32.dll
0x00007ffbfaf20000 - 0x00007ffbfaf50000 	C:\WINDOWS\System32\IMM32.DLL
0x0000000067930000 - 0x0000000067a02000 	C:\Program Files\Android\Android Studio\jre\jre\bin\msvcr100.dll
0x0000000066e60000 - 0x00000000676ab000 	C:\Program Files\Android\Android Studio\jre\jre\bin\server\jvm.dll
0x00007ffbfb7b0000 - 0x00007ffbfb7b8000 	C:\WINDOWS\System32\PSAPI.DLL
0x00007ffbf5810000 - 0x00007ffbf5819000 	C:\WINDOWS\SYSTEM32\WSOCK32.dll
0x00007ffbf4e60000 - 0x00007ffbf4e6a000 	C:\WINDOWS\SYSTEM32\VERSION.dll
0x00007ffbe7920000 - 0x00007ffbe7947000 	C:\WINDOWS\SYSTEM32\WINMM.dll
0x00007ffbfa850000 - 0x00007ffbfa8bb000 	C:\WINDOWS\System32\WS2_32.dll
0x00007ffbf5800000 - 0x00007ffbf580f000 	C:\Program Files\Android\Android Studio\jre\jre\bin\verify.dll
0x00007ffbf2dc0000 - 0x00007ffbf2de9000 	C:\Program Files\Android\Android Studio\jre\jre\bin\java.dll
0x00007ffbf5110000 - 0x00007ffbf5126000 	C:\Program Files\Android\Android Studio\jre\jre\bin\zip.dll
0x00007ffbfb060000 - 0x00007ffbfb7a4000 	C:\WINDOWS\System32\SHELL32.dll
0x00007ffbf7e30000 - 0x00007ffbf85c4000 	C:\WINDOWS\SYSTEM32\windows.storage.dll
0x00007ffbfc2f0000 - 0x00007ffbfc644000 	C:\WINDOWS\System32\combase.dll
0x00007ffbf9660000 - 0x00007ffbf9690000 	C:\WINDOWS\SYSTEM32\Wldp.dll
0x00007ffbfc240000 - 0x00007ffbfc2ed000 	C:\WINDOWS\System32\SHCORE.dll
0x00007ffbfb000000 - 0x00007ffbfb055000 	C:\WINDOWS\System32\shlwapi.dll
0x00007ffbf9cf0000 - 0x00007ffbf9d0f000 	C:\WINDOWS\SYSTEM32\profapi.dll
0x00007ffbefd40000 - 0x00007ffbefd5a000 	C:\Program Files\Android\Android Studio\jre\jre\bin\net.dll
0x00007ffbf9440000 - 0x00007ffbf94aa000 	C:\WINDOWS\system32\mswsock.dll
0x00007ffbef9b0000 - 0x00007ffbef9c3000 	C:\Program Files\Android\Android Studio\jre\jre\bin\nio.dll
0x00007ffbe8b30000 - 0x00007ffbe8b56000 	C:\Users\David Maged\.gradle\native\31\windows-amd64\native-platform.dll
0x00007ffbf57f0000 - 0x00007ffbf57fd000 	C:\Program Files\Android\Android Studio\jre\jre\bin\management.dll
0x00007ffbf96a0000 - 0x00007ffbf96b8000 	C:\WINDOWS\SYSTEM32\CRYPTSP.dll
0x00007ffbf8de0000 - 0x00007ffbf8e14000 	C:\WINDOWS\system32\rsaenh.dll
0x00007ffbfa460000 - 0x00007ffbfa487000 	C:\WINDOWS\System32\bcrypt.dll
0x00007ffbf9c70000 - 0x00007ffbf9c9e000 	C:\WINDOWS\SYSTEM32\USERENV.dll
0x00007ffbfa2d0000 - 0x00007ffbfa352000 	C:\WINDOWS\System32\bcryptprimitives.dll
0x00007ffbf95d0000 - 0x00007ffbf95dc000 	C:\WINDOWS\SYSTEM32\CRYPTBASE.dll
0x00007ffbf9150000 - 0x00007ffbf918b000 	C:\WINDOWS\SYSTEM32\IPHLPAPI.DLL
0x00007ffbfa8c0000 - 0x00007ffbfa8c8000 	C:\WINDOWS\System32\NSI.dll
0x00007ffbf3530000 - 0x00007ffbf3547000 	C:\WINDOWS\SYSTEM32\dhcpcsvc6.DLL
0x00007ffbf3510000 - 0x00007ffbf352d000 	C:\WINDOWS\SYSTEM32\dhcpcsvc.DLL
0x00007ffbf9190000 - 0x00007ffbf925b000 	C:\WINDOWS\SYSTEM32\DNSAPI.dll
0x00007ffbf8a70000 - 0x00007ffbf8aa3000 	C:\WINDOWS\SYSTEM32\ntmarta.dll

VM Arguments:
jvm_args: -Xmx2048m -Dfile.encoding=windows-1252 -Duser.country=US -Duser.language=en -Duser.variant 
java_command: org.gradle.launcher.daemon.bootstrap.GradleDaemon 6.1.1
java_class_path (initial): C:\Users\David Maged\.gradle\wrapper\dists\gradle-6.1.1-all\cfmwm155h49vnt3hynmlrsdst\gradle-6.1.1\lib\gradle-launcher-6.1.1.jar
Launcher Type: SUN_STANDARD

Environment Variables:
PATH=C:\WINDOWS\system32;C:\WINDOWS;C:\WINDOWS\System32\Wbem;C:\WINDOWS\System32\WindowsPowerShell\v1.0\;C:\WINDOWS\System32\OpenSSH\;C:\Program Files\dotnet\;C:\Program Files\Microsoft SQL Server\Client SDK\ODBC\170\Tools\Binn\;C:\Users\David Maged\anaconda3;C:\Users\David Maged\anaconda3\Scripts;C:\Program Files\MATLAB\R2018a\runtime\win64;C:\Program Files\MATLAB\R2018a\bin;C:\Program Files (x86)\Microsoft SQL Server\150\Tools\Binn\;C:\Program Files\Microsoft SQL Server\150\Tools\Binn\;C:\Program Files\Microsoft SQL Server\150\DTS\Binn\;C:\Program Files\Azure Data Studio\bin;C:\Program Files (x86)\Microsoft SQL Server\150\DTS\Binn\;C:\Program Files\nodejs\;C:\Program Files\Git\cmd;C:\Program Files\MongoDB\Server\5.0\bin;C:\Users\David Maged\AppData\Local\Microsoft\WindowsApps;C:\Users\David Maged\AppData\Local\GitHubDesktop\bin;C:\Users\David Maged\AppData\Local\Programs\Microsoft VS Code\bin;C:\Program Files\Java\jdk-14.0.1\bin;G:\Flutter\flutter\bin;G:\Flutter\dart-sdk;C:\Program Files\Azure Data Studio\bin;C:\Users\David Maged\anaconda3;C:\Users\David Maged\anaconda3\Scripts;C:\Users\David Maged\AppData\Roaming\npm
USERNAME=David Maged
OS=Windows_NT
PROCESSOR_IDENTIFIER=Intel64 Family 6 Model 142 Stepping 10, GenuineIntel



---------------  S Y S T E M  ---------------

OS: Windows 10.0 , 64 bit Build 19041 (10.0.19041.1806)

CPU:total 8 (initial active 8) (4 cores per cpu, 2 threads per core) family 6 model 142 stepping 10, cmov, cx8, fxsr, mmx, sse, sse2, sse3, ssse3, sse4.1, sse4.2, popcnt, avx, avx2, aes, clmul, erms, 3dnowpref, lzcnt, ht, tsc, tscinvbit, bmi1, bmi2, adx

Memory: 4k page, physical 8295564k(563124k free), swap 10392716k(2192k free)

vm_info: OpenJDK 64-Bit Server VM (25.242-b01) for windows-amd64 JRE (1.8.0_242-release-1644-b01), built by "builder" with MS VC++ 10.0 (VS2010)

time: Fri Aug 05 22:50:20 2022
timezone: Egypt Standard Time
elapsed time: 6796 seconds (0d 1h 53m 16s)

